-----------------------------------------------------------------------------
|                               UFMG - 2021                                 |
|                             SiDB GateFinder:                              |
|                             Truth Table Log                               |
|                                                                           |
| Design: OR2                                                
| Description: SimAnneal results for all possible inputs of                 |
|              modified design.                                             |
| Developed by: Arthur Fortini & Gustavo Guedes                             |
-----------------------------------------------------------------------------

Report start:	2021-03-29 15:47:54.627417

-----------------------------------------------------------------------------
INPUTS							OUTPUTS
-----------------------------------------------------------------------------
IN0     IN1
--------------------
0		0				0
0		1				1
1		0				1
1		1				1
