-----------------------------------------------------------------------------
|                               UFMG - 2021                                 |
|                             SiDB GateFinder:                              |
|                             Truth Table Log                               |
|                                                                           |
| Design: OR3_NoMod                                                
| Description: SimAnneal results for all possible inputs of                 |
|              modified design.                                             |
| Developed by: Arthur Fortini & Gustavo Guedes                             |
-----------------------------------------------------------------------------

Report start:	2021-03-29 21:51:53.634323

-----------------------------------------------------------------------------
INPUTS							OUTPUTS
-----------------------------------------------------------------------------
IN0     IN1     IN2
--------------------
0		0		0				0
0		0		1				1
0		1		0				1
0		1		1				1
1		0		0				1
1		0		1				1
1		1		0				1
1		1		1				1
